C:\PRYWATNE\C++\GK_1\SZKIELET\GK_PROJECT\RELEASE\TGA.OBJ
C:\PRYWATNE\C++\GK_1\SZKIELET\GK_PROJECT\RELEASE\OBJECT.OBJ
C:\PRYWATNE\C++\GK_1\SZKIELET\GK_PROJECT\RELEASE\MAIN_FILE.OBJ
C:\PRYWATNE\C++\GK_1\SZKIELET\GK_PROJECT\RELEASE\STRING_EXTRA.OBJ
C:\PRYWATNE\C++\GK_1\SZKIELET\GK_PROJECT\RELEASE\OBJ_PARSER.OBJ
C:\PRYWATNE\C++\GK_1\SZKIELET\GK_PROJECT\RELEASE\OBJLOADER.OBJ
C:\PRYWATNE\C++\GK_1\SZKIELET\GK_PROJECT\RELEASE\LIST.OBJ
C:\PRYWATNE\C++\GK_1\SZKIELET\GK_PROJECT\RELEASE\ENGINE.OBJ
C:\PRYWATNE\C++\GK_1\SZKIELET\GK_PROJECT\RELEASE\DETAILED_CUBE.OBJ
C:\PRYWATNE\C++\GK_1\SZKIELET\GK_PROJECT\RELEASE\CAMERA.OBJ
C:\PRYWATNE\C++\GK_1\SZKIELET\GK_PROJECT\RELEASE\MATERIAL.OBJ
C:\PRYWATNE\C++\GK_1\SZKIELET\GK_PROJECT\RELEASE\HEIGHTMAP.OBJ
C:\PRYWATNE\C++\GK_1\SZKIELET\GK_PROJECT\RELEASE\VC110.PDB
C:\PRYWATNE\C++\GK_1\SZKIELET\GK_PROJECT\RELEASE\SZKIELET.EXE
C:\PRYWATNE\C++\GK_1\SZKIELET\GK_PROJECT\RELEASE\SZKIELET.PDB
C:\prywatne\C++\GK_1\szkielet\gk_project\Release\Camera.obj
C:\prywatne\C++\GK_1\szkielet\gk_project\Release\detailed_cube.obj
C:\prywatne\C++\GK_1\szkielet\gk_project\Release\engine.obj
C:\prywatne\C++\GK_1\szkielet\gk_project\Release\HeightMap.obj
C:\prywatne\C++\GK_1\szkielet\gk_project\Release\list.obj
C:\prywatne\C++\GK_1\szkielet\gk_project\Release\main_file.obj
C:\prywatne\C++\GK_1\szkielet\gk_project\Release\Material.obj
C:\prywatne\C++\GK_1\szkielet\gk_project\Release\Object.obj
C:\prywatne\C++\GK_1\szkielet\gk_project\Release\objLoader.obj
C:\prywatne\C++\GK_1\szkielet\gk_project\Release\obj_parser.obj
C:\prywatne\C++\GK_1\szkielet\gk_project\Release\string_extra.obj
C:\prywatne\C++\GK_1\szkielet\gk_project\Release\tga.obj
C:\prywatne\C++\GK_1\szkielet\gk_project\Release\cl.command.1.tlog
C:\prywatne\C++\GK_1\szkielet\gk_project\Release\CL.read.1.tlog
C:\prywatne\C++\GK_1\szkielet\gk_project\Release\CL.write.1.tlog
C:\prywatne\C++\GK_1\szkielet\gk_project\Release\link-cvtres.read.1.tlog
C:\prywatne\C++\GK_1\szkielet\gk_project\Release\link-cvtres.write.1.tlog
C:\prywatne\C++\GK_1\szkielet\gk_project\Release\link-rc.read.1.tlog
C:\prywatne\C++\GK_1\szkielet\gk_project\Release\link-rc.write.1.tlog
C:\prywatne\C++\GK_1\szkielet\gk_project\Release\link.command.1.tlog
C:\prywatne\C++\GK_1\szkielet\gk_project\Release\link.read.1.tlog
C:\prywatne\C++\GK_1\szkielet\gk_project\Release\link.write.1.tlog
C:\prywatne\C++\GK_1\szkielet\gk_project\Release\szkielet.pdb
C:\prywatne\C++\GK_1\szkielet\gk_project\Release\vc110.pdb
